
ROM used:   1560/32768 (5%)
            1560/32768 (5%) including unused fragments

            0.3 Average locations per line
            2.1 Average locations per statement

RAM used:   24/1536 (2%) at main() level
            35/1536 (2%) worst case

Stack used: 0 worst case (0 in main + 0 for interrupts)
Stack size: 31

Lines Stmts  %   Files
----- ----- ---  -----
   95    32   4  sonde2.c
    6     0   0  sonde2.h
  785     0   0  ..\..\..\..\..\..\Program Files (x86)\PICC\Devices\18F458.h
 2227   258  35  ..\..\..\..\..\..\Program Files (x86)\PICC\Drivers\math.h
  435     0   0  ..\..\..\..\..\..\Program Files (x86)\PICC\Drivers\string.h
   32     0   0  ..\..\..\..\..\..\Program Files (x86)\PICC\Drivers\stddef.h
   28     0   0  ..\..\..\..\..\..\Program Files (x86)\PICC\Drivers\ctype.h
 1352   359  49  ..\..\..\..\..\..\Program Files (x86)\PICC\Drivers\stdlib.h
  456    84  11  ..\..\..\..\..\..\Program Files (x86)\PICC\Drivers\LCD.c
----- -----
 5416   733 Total

Page ROM  %  RAM    Vol Diff  Functions:
---- --- --- ---    --- ----  ----------
0     38   1    1             @delay_ms1
0     58   2    4             @SFTOI
0     56   2    2             @ITOF
0    244   8   11             @MULFF
0     76   2    2    592 10.0  @MUL88
0    396  13    9   1815 10.5  atoi
0     40   1    3    814  7.2  @DIV88
0     82   3    4    262  3.0  bitsToBCD
0     24   1    2    117  3.2  checkLed
0    302  10   14    537  4.2  MAIN
0     16   1    0    267  6.8  @const1078
0     32   1    3    100  1.6  @PSTRINGCN_9600_31766_31767
0    178   6    6     74  3.1  @PRINTF_D_9600_31766_31767
0     14   0    0             @const1084
 Inline         0    262  3.0  @cinit1

Program metrics:
    Functions               10
    Statements              733
    Comments                1042
    Volume (V)              7183
    Difficulty (D)          52.6
    Effort to implement (E) 377685
    Time to implement (T)   5 hours, 50 minutes
    Est Delivered Bugs (B)  2
    Cyclomatic Complexity   19
    Maintainability (MI)    62

 Segment     Used  Free
-----------  ----  ----
00000-00002     4  0  
00004-07FFE  1556  31208  



