
ROM used:   248/32768 (1%)
            248/32768 (1%) including unused fragments

            0.1 Average locations per line
            0.9 Average locations per statement

RAM used:   8/1536 (1%) at main() level
            24/1536 (2%) worst case

Stack used: 0 worst case (0 in main + 0 for interrupts)
Stack size: 31

Lines Stmts  %   Files
----- ----- ---  -----
   42    15   5  sonde2.c
    6     0   0  sonde2.h
  785     0   0  ..\..\..\..\Program Files (x86)\PICC\Devices\18F458.h
 2227   258  95  ..\..\..\..\Program Files (x86)\PICC\Drivers\math.h
----- -----
 3060   273 Total

Page ROM  %  RAM    Vol Diff  Functions:
---- --- --- ---    --- ----  ----------
0     40   8    1             @delay_ms1
0    164  33    4    510  4.9  MAIN
0     40   8    3             @DIV88
 Inline         0             @cinit1

Program metrics:
    Functions               1
    Statements              273
    Comments                410
    Volume (V)              517
    Difficulty (D)          4.6
    Effort to implement (E) 2360
    Time to implement (T)   2 minutes
    Est Delivered Bugs (B)  0
    Cyclomatic Complexity   1
    Maintainability (MI)    45

 Segment     Used  Free
-----------  ----  ----
00000-00002     4  0  
00004-07FFE   244  32520  



